[2023-08-02T06:32:28.443+0000] {processor.py:157} INFO - Started process (PID=1636) to work on /opt/airflow/dags/hello.py
[2023-08-02T06:32:28.448+0000] {processor.py:826} INFO - Processing file /opt/airflow/dags/hello.py for tasks to queue
[2023-08-02T06:32:28.452+0000] {logging_mixin.py:150} INFO - [2023-08-02T06:32:28.451+0000] {dagbag.py:541} INFO - Filling up the DagBag from /opt/airflow/dags/hello.py
[2023-08-02T06:32:28.482+0000] {processor.py:836} INFO - DAG(s) dict_keys(['hello_world_dag']) retrieved from /opt/airflow/dags/hello.py
[2023-08-02T06:32:28.721+0000] {logging_mixin.py:150} INFO - [2023-08-02T06:32:28.721+0000] {manager.py:504} INFO - Created Permission View: can delete on DAG:hello_world_dag
[2023-08-02T06:32:28.738+0000] {logging_mixin.py:150} INFO - [2023-08-02T06:32:28.738+0000] {manager.py:504} INFO - Created Permission View: can read on DAG:hello_world_dag
[2023-08-02T06:32:28.750+0000] {logging_mixin.py:150} INFO - [2023-08-02T06:32:28.749+0000] {manager.py:504} INFO - Created Permission View: can edit on DAG:hello_world_dag
[2023-08-02T06:32:28.776+0000] {logging_mixin.py:150} INFO - [2023-08-02T06:32:28.776+0000] {dag.py:2742} INFO - Sync 1 DAGs
[2023-08-02T06:32:28.795+0000] {logging_mixin.py:150} INFO - [2023-08-02T06:32:28.795+0000] {dag.py:2763} INFO - Creating ORM DAG for hello_world_dag
[2023-08-02T06:32:28.813+0000] {logging_mixin.py:150} INFO - [2023-08-02T06:32:28.813+0000] {dag.py:3508} INFO - Setting next_dagrun for hello_world_dag to 2023-08-01T06:32:28.812129+00:00, run_after=2023-08-02T06:32:28.812129+00:00
[2023-08-02T06:32:28.866+0000] {processor.py:179} INFO - Processing /opt/airflow/dags/hello.py took 0.435 seconds
[2023-08-02T06:33:00.083+0000] {processor.py:157} INFO - Started process (PID=1689) to work on /opt/airflow/dags/hello.py
[2023-08-02T06:33:00.086+0000] {processor.py:826} INFO - Processing file /opt/airflow/dags/hello.py for tasks to queue
[2023-08-02T06:33:00.089+0000] {logging_mixin.py:150} INFO - [2023-08-02T06:33:00.088+0000] {dagbag.py:541} INFO - Filling up the DagBag from /opt/airflow/dags/hello.py
[2023-08-02T06:33:00.113+0000] {processor.py:836} INFO - DAG(s) dict_keys(['hello_world_dag']) retrieved from /opt/airflow/dags/hello.py
[2023-08-02T06:33:00.189+0000] {logging_mixin.py:150} INFO - [2023-08-02T06:33:00.188+0000] {dag.py:2742} INFO - Sync 1 DAGs
[2023-08-02T06:33:00.270+0000] {logging_mixin.py:150} INFO - [2023-08-02T06:33:00.270+0000] {dag.py:3508} INFO - Setting next_dagrun for hello_world_dag to 2023-08-01T06:33:00.269483+00:00, run_after=2023-08-02T06:33:00.269483+00:00
[2023-08-02T06:33:00.408+0000] {processor.py:179} INFO - Processing /opt/airflow/dags/hello.py took 0.336 seconds
[2023-08-02T06:33:30.621+0000] {processor.py:157} INFO - Started process (PID=1743) to work on /opt/airflow/dags/hello.py
[2023-08-02T06:33:30.624+0000] {processor.py:826} INFO - Processing file /opt/airflow/dags/hello.py for tasks to queue
[2023-08-02T06:33:30.627+0000] {logging_mixin.py:150} INFO - [2023-08-02T06:33:30.626+0000] {dagbag.py:541} INFO - Filling up the DagBag from /opt/airflow/dags/hello.py
[2023-08-02T06:33:30.646+0000] {processor.py:836} INFO - DAG(s) dict_keys(['hello_world_dag']) retrieved from /opt/airflow/dags/hello.py
[2023-08-02T06:33:30.681+0000] {logging_mixin.py:150} INFO - [2023-08-02T06:33:30.681+0000] {dag.py:2742} INFO - Sync 1 DAGs
[2023-08-02T06:33:30.723+0000] {logging_mixin.py:150} INFO - [2023-08-02T06:33:30.722+0000] {dag.py:3508} INFO - Setting next_dagrun for hello_world_dag to 2023-08-01T06:33:30.722514+00:00, run_after=2023-08-02T06:33:30.722514+00:00
[2023-08-02T06:33:30.767+0000] {processor.py:179} INFO - Processing /opt/airflow/dags/hello.py took 0.156 seconds
[2023-08-02T06:34:01.221+0000] {processor.py:157} INFO - Started process (PID=1799) to work on /opt/airflow/dags/hello.py
[2023-08-02T06:34:01.234+0000] {processor.py:826} INFO - Processing file /opt/airflow/dags/hello.py for tasks to queue
[2023-08-02T06:34:01.239+0000] {logging_mixin.py:150} INFO - [2023-08-02T06:34:01.237+0000] {dagbag.py:541} INFO - Filling up the DagBag from /opt/airflow/dags/hello.py
[2023-08-02T06:34:01.394+0000] {processor.py:836} INFO - DAG(s) dict_keys(['hello_world_dag']) retrieved from /opt/airflow/dags/hello.py
[2023-08-02T06:34:01.598+0000] {logging_mixin.py:150} INFO - [2023-08-02T06:34:01.598+0000] {dag.py:2742} INFO - Sync 1 DAGs
[2023-08-02T06:34:01.668+0000] {logging_mixin.py:150} INFO - [2023-08-02T06:34:01.667+0000] {dag.py:3508} INFO - Setting next_dagrun for hello_world_dag to 2023-08-01T06:34:01.667617+00:00, run_after=2023-08-02T06:34:01.667617+00:00
[2023-08-02T06:34:01.741+0000] {processor.py:179} INFO - Processing /opt/airflow/dags/hello.py took 0.542 seconds
[2023-08-02T06:34:32.194+0000] {processor.py:157} INFO - Started process (PID=1855) to work on /opt/airflow/dags/hello.py
[2023-08-02T06:34:32.197+0000] {processor.py:826} INFO - Processing file /opt/airflow/dags/hello.py for tasks to queue
[2023-08-02T06:34:32.201+0000] {logging_mixin.py:150} INFO - [2023-08-02T06:34:32.200+0000] {dagbag.py:541} INFO - Filling up the DagBag from /opt/airflow/dags/hello.py
[2023-08-02T06:34:32.273+0000] {processor.py:836} INFO - DAG(s) dict_keys(['hello_world_dag']) retrieved from /opt/airflow/dags/hello.py
[2023-08-02T06:34:32.412+0000] {logging_mixin.py:150} INFO - [2023-08-02T06:34:32.412+0000] {dag.py:2742} INFO - Sync 1 DAGs
[2023-08-02T06:34:32.601+0000] {logging_mixin.py:150} INFO - [2023-08-02T06:34:32.601+0000] {dag.py:3508} INFO - Setting next_dagrun for hello_world_dag to 2023-08-01T06:34:32.600148+00:00, run_after=2023-08-02T06:34:32.600148+00:00
[2023-08-02T06:34:32.742+0000] {processor.py:179} INFO - Processing /opt/airflow/dags/hello.py took 0.565 seconds
[2023-08-02T06:35:02.821+0000] {processor.py:157} INFO - Started process (PID=1910) to work on /opt/airflow/dags/hello.py
[2023-08-02T06:35:02.822+0000] {processor.py:826} INFO - Processing file /opt/airflow/dags/hello.py for tasks to queue
[2023-08-02T06:35:02.823+0000] {logging_mixin.py:150} INFO - [2023-08-02T06:35:02.823+0000] {dagbag.py:541} INFO - Filling up the DagBag from /opt/airflow/dags/hello.py
[2023-08-02T06:35:02.838+0000] {processor.py:836} INFO - DAG(s) dict_keys(['hello_world_dag']) retrieved from /opt/airflow/dags/hello.py
[2023-08-02T06:35:02.877+0000] {logging_mixin.py:150} INFO - [2023-08-02T06:35:02.877+0000] {dag.py:2742} INFO - Sync 1 DAGs
[2023-08-02T06:35:02.923+0000] {logging_mixin.py:150} INFO - [2023-08-02T06:35:02.923+0000] {dag.py:3508} INFO - Setting next_dagrun for hello_world_dag to 2023-08-01T06:35:02.923041+00:00, run_after=2023-08-02T06:35:02.923041+00:00
[2023-08-02T06:35:02.957+0000] {processor.py:179} INFO - Processing /opt/airflow/dags/hello.py took 0.141 seconds
[2023-08-02T06:35:33.877+0000] {processor.py:157} INFO - Started process (PID=1966) to work on /opt/airflow/dags/hello.py
[2023-08-02T06:35:33.879+0000] {processor.py:826} INFO - Processing file /opt/airflow/dags/hello.py for tasks to queue
[2023-08-02T06:35:33.881+0000] {logging_mixin.py:150} INFO - [2023-08-02T06:35:33.880+0000] {dagbag.py:541} INFO - Filling up the DagBag from /opt/airflow/dags/hello.py
[2023-08-02T06:35:33.900+0000] {processor.py:836} INFO - DAG(s) dict_keys(['hello_world_dag']) retrieved from /opt/airflow/dags/hello.py
[2023-08-02T06:35:33.936+0000] {logging_mixin.py:150} INFO - [2023-08-02T06:35:33.935+0000] {dag.py:2742} INFO - Sync 1 DAGs
[2023-08-02T06:35:33.980+0000] {logging_mixin.py:150} INFO - [2023-08-02T06:35:33.979+0000] {dag.py:3508} INFO - Setting next_dagrun for hello_world_dag to 2023-08-01T06:35:33.979228+00:00, run_after=2023-08-02T06:35:33.979228+00:00
[2023-08-02T06:35:34.014+0000] {processor.py:179} INFO - Processing /opt/airflow/dags/hello.py took 0.145 seconds
[2023-08-02T06:36:04.310+0000] {processor.py:157} INFO - Started process (PID=2023) to work on /opt/airflow/dags/hello.py
[2023-08-02T06:36:04.312+0000] {processor.py:826} INFO - Processing file /opt/airflow/dags/hello.py for tasks to queue
[2023-08-02T06:36:04.314+0000] {logging_mixin.py:150} INFO - [2023-08-02T06:36:04.313+0000] {dagbag.py:541} INFO - Filling up the DagBag from /opt/airflow/dags/hello.py
[2023-08-02T06:36:04.331+0000] {processor.py:836} INFO - DAG(s) dict_keys(['hello_world_dag']) retrieved from /opt/airflow/dags/hello.py
[2023-08-02T06:36:04.381+0000] {logging_mixin.py:150} INFO - [2023-08-02T06:36:04.381+0000] {dag.py:2742} INFO - Sync 1 DAGs
[2023-08-02T06:36:04.444+0000] {logging_mixin.py:150} INFO - [2023-08-02T06:36:04.444+0000] {dag.py:3508} INFO - Setting next_dagrun for hello_world_dag to 2023-08-01T06:36:04.443281+00:00, run_after=2023-08-02T06:36:04.443281+00:00
[2023-08-02T06:36:04.526+0000] {processor.py:179} INFO - Processing /opt/airflow/dags/hello.py took 0.223 seconds
[2023-08-02T06:36:34.684+0000] {processor.py:157} INFO - Started process (PID=2079) to work on /opt/airflow/dags/hello.py
[2023-08-02T06:36:34.687+0000] {processor.py:826} INFO - Processing file /opt/airflow/dags/hello.py for tasks to queue
[2023-08-02T06:36:34.690+0000] {logging_mixin.py:150} INFO - [2023-08-02T06:36:34.689+0000] {dagbag.py:541} INFO - Filling up the DagBag from /opt/airflow/dags/hello.py
[2023-08-02T06:36:34.712+0000] {processor.py:836} INFO - DAG(s) dict_keys(['hello_world_dag']) retrieved from /opt/airflow/dags/hello.py
[2023-08-02T06:36:34.755+0000] {logging_mixin.py:150} INFO - [2023-08-02T06:36:34.755+0000] {dag.py:2742} INFO - Sync 1 DAGs
[2023-08-02T06:36:34.789+0000] {logging_mixin.py:150} INFO - [2023-08-02T06:36:34.788+0000] {dag.py:3508} INFO - Setting next_dagrun for hello_world_dag to 2023-08-01T06:36:34.788588+00:00, run_after=2023-08-02T06:36:34.788588+00:00
[2023-08-02T06:36:34.819+0000] {processor.py:179} INFO - Processing /opt/airflow/dags/hello.py took 0.143 seconds
[2023-08-02T06:37:05.140+0000] {processor.py:157} INFO - Started process (PID=2135) to work on /opt/airflow/dags/hello.py
[2023-08-02T06:37:05.143+0000] {processor.py:826} INFO - Processing file /opt/airflow/dags/hello.py for tasks to queue
[2023-08-02T06:37:05.157+0000] {logging_mixin.py:150} INFO - [2023-08-02T06:37:05.156+0000] {dagbag.py:541} INFO - Filling up the DagBag from /opt/airflow/dags/hello.py
[2023-08-02T06:37:05.170+0000] {processor.py:836} INFO - DAG(s) dict_keys(['hello_world_dag']) retrieved from /opt/airflow/dags/hello.py
[2023-08-02T06:37:05.216+0000] {logging_mixin.py:150} INFO - [2023-08-02T06:37:05.216+0000] {dag.py:2742} INFO - Sync 1 DAGs
[2023-08-02T06:37:05.304+0000] {logging_mixin.py:150} INFO - [2023-08-02T06:37:05.303+0000] {dag.py:3508} INFO - Setting next_dagrun for hello_world_dag to 2023-08-01T06:37:05.303476+00:00, run_after=2023-08-02T06:37:05.303476+00:00
[2023-08-02T06:37:05.391+0000] {processor.py:179} INFO - Processing /opt/airflow/dags/hello.py took 0.256 seconds
[2023-08-02T06:37:35.642+0000] {processor.py:157} INFO - Started process (PID=2189) to work on /opt/airflow/dags/hello.py
[2023-08-02T06:37:35.645+0000] {processor.py:826} INFO - Processing file /opt/airflow/dags/hello.py for tasks to queue
[2023-08-02T06:37:35.648+0000] {logging_mixin.py:150} INFO - [2023-08-02T06:37:35.647+0000] {dagbag.py:541} INFO - Filling up the DagBag from /opt/airflow/dags/hello.py
[2023-08-02T06:37:35.688+0000] {processor.py:836} INFO - DAG(s) dict_keys(['hello_world_dag']) retrieved from /opt/airflow/dags/hello.py
[2023-08-02T06:37:35.792+0000] {logging_mixin.py:150} INFO - [2023-08-02T06:37:35.792+0000] {dag.py:2742} INFO - Sync 1 DAGs
[2023-08-02T06:37:35.924+0000] {logging_mixin.py:150} INFO - [2023-08-02T06:37:35.924+0000] {dag.py:3508} INFO - Setting next_dagrun for hello_world_dag to 2023-08-01T06:37:35.923428+00:00, run_after=2023-08-02T06:37:35.923428+00:00
[2023-08-02T06:37:36.070+0000] {processor.py:179} INFO - Processing /opt/airflow/dags/hello.py took 0.446 seconds
[2023-08-02T06:38:06.517+0000] {processor.py:157} INFO - Started process (PID=2244) to work on /opt/airflow/dags/hello.py
[2023-08-02T06:38:06.520+0000] {processor.py:826} INFO - Processing file /opt/airflow/dags/hello.py for tasks to queue
[2023-08-02T06:38:06.522+0000] {logging_mixin.py:150} INFO - [2023-08-02T06:38:06.521+0000] {dagbag.py:541} INFO - Filling up the DagBag from /opt/airflow/dags/hello.py
[2023-08-02T06:38:06.544+0000] {processor.py:836} INFO - DAG(s) dict_keys(['hello_world_dag']) retrieved from /opt/airflow/dags/hello.py
[2023-08-02T06:38:06.585+0000] {logging_mixin.py:150} INFO - [2023-08-02T06:38:06.585+0000] {dag.py:2742} INFO - Sync 1 DAGs
[2023-08-02T06:38:06.635+0000] {logging_mixin.py:150} INFO - [2023-08-02T06:38:06.634+0000] {dag.py:3508} INFO - Setting next_dagrun for hello_world_dag to 2023-08-01T06:38:06.634349+00:00, run_after=2023-08-02T06:38:06.634349+00:00
[2023-08-02T06:38:06.679+0000] {processor.py:179} INFO - Processing /opt/airflow/dags/hello.py took 0.170 seconds
[2023-08-02T06:38:36.886+0000] {processor.py:157} INFO - Started process (PID=2300) to work on /opt/airflow/dags/hello.py
[2023-08-02T06:38:36.888+0000] {processor.py:826} INFO - Processing file /opt/airflow/dags/hello.py for tasks to queue
[2023-08-02T06:38:36.890+0000] {logging_mixin.py:150} INFO - [2023-08-02T06:38:36.889+0000] {dagbag.py:541} INFO - Filling up the DagBag from /opt/airflow/dags/hello.py
[2023-08-02T06:38:36.906+0000] {processor.py:836} INFO - DAG(s) dict_keys(['hello_world_dag']) retrieved from /opt/airflow/dags/hello.py
[2023-08-02T06:38:36.975+0000] {logging_mixin.py:150} INFO - [2023-08-02T06:38:36.975+0000] {dag.py:2742} INFO - Sync 1 DAGs
[2023-08-02T06:38:37.024+0000] {logging_mixin.py:150} INFO - [2023-08-02T06:38:37.024+0000] {dag.py:3508} INFO - Setting next_dagrun for hello_world_dag to 2023-08-01T06:38:37.023866+00:00, run_after=2023-08-02T06:38:37.023866+00:00
[2023-08-02T06:38:37.054+0000] {processor.py:179} INFO - Processing /opt/airflow/dags/hello.py took 0.177 seconds
[2023-08-02T06:39:07.212+0000] {processor.py:157} INFO - Started process (PID=2356) to work on /opt/airflow/dags/hello.py
[2023-08-02T06:39:07.214+0000] {processor.py:826} INFO - Processing file /opt/airflow/dags/hello.py for tasks to queue
[2023-08-02T06:39:07.217+0000] {logging_mixin.py:150} INFO - [2023-08-02T06:39:07.216+0000] {dagbag.py:541} INFO - Filling up the DagBag from /opt/airflow/dags/hello.py
[2023-08-02T06:39:07.234+0000] {processor.py:836} INFO - DAG(s) dict_keys(['hello_world_dag']) retrieved from /opt/airflow/dags/hello.py
[2023-08-02T06:39:07.272+0000] {logging_mixin.py:150} INFO - [2023-08-02T06:39:07.271+0000] {dag.py:2742} INFO - Sync 1 DAGs
[2023-08-02T06:39:07.309+0000] {logging_mixin.py:150} INFO - [2023-08-02T06:39:07.308+0000] {dag.py:3508} INFO - Setting next_dagrun for hello_world_dag to 2023-08-01T06:39:07.308601+00:00, run_after=2023-08-02T06:39:07.308601+00:00
[2023-08-02T06:39:07.340+0000] {processor.py:179} INFO - Processing /opt/airflow/dags/hello.py took 0.136 seconds
[2023-08-02T06:39:37.966+0000] {processor.py:157} INFO - Started process (PID=2412) to work on /opt/airflow/dags/hello.py
[2023-08-02T06:39:37.970+0000] {processor.py:826} INFO - Processing file /opt/airflow/dags/hello.py for tasks to queue
[2023-08-02T06:39:37.973+0000] {logging_mixin.py:150} INFO - [2023-08-02T06:39:37.972+0000] {dagbag.py:541} INFO - Filling up the DagBag from /opt/airflow/dags/hello.py
[2023-08-02T06:39:37.999+0000] {processor.py:836} INFO - DAG(s) dict_keys(['hello_world_dag']) retrieved from /opt/airflow/dags/hello.py
[2023-08-02T06:39:38.063+0000] {logging_mixin.py:150} INFO - [2023-08-02T06:39:38.063+0000] {dag.py:2742} INFO - Sync 1 DAGs
[2023-08-02T06:39:38.159+0000] {logging_mixin.py:150} INFO - [2023-08-02T06:39:38.159+0000] {dag.py:3508} INFO - Setting next_dagrun for hello_world_dag to 2023-08-01T06:39:38.158879+00:00, run_after=2023-08-02T06:39:38.158879+00:00
[2023-08-02T06:39:38.211+0000] {processor.py:179} INFO - Processing /opt/airflow/dags/hello.py took 0.256 seconds
[2023-08-02T06:40:08.739+0000] {processor.py:157} INFO - Started process (PID=2468) to work on /opt/airflow/dags/hello.py
[2023-08-02T06:40:08.745+0000] {processor.py:826} INFO - Processing file /opt/airflow/dags/hello.py for tasks to queue
[2023-08-02T06:40:08.752+0000] {logging_mixin.py:150} INFO - [2023-08-02T06:40:08.751+0000] {dagbag.py:541} INFO - Filling up the DagBag from /opt/airflow/dags/hello.py
[2023-08-02T06:40:08.859+0000] {processor.py:836} INFO - DAG(s) dict_keys(['hello_world_dag']) retrieved from /opt/airflow/dags/hello.py
[2023-08-02T06:40:09.077+0000] {logging_mixin.py:150} INFO - [2023-08-02T06:40:09.050+0000] {dag.py:2742} INFO - Sync 1 DAGs
[2023-08-02T06:40:09.197+0000] {logging_mixin.py:150} INFO - [2023-08-02T06:40:09.196+0000] {dag.py:3508} INFO - Setting next_dagrun for hello_world_dag to 2023-08-01T06:40:09.194994+00:00, run_after=2023-08-02T06:40:09.194994+00:00
[2023-08-02T06:40:09.369+0000] {processor.py:179} INFO - Processing /opt/airflow/dags/hello.py took 0.651 seconds
[2023-08-02T06:40:39.571+0000] {processor.py:157} INFO - Started process (PID=2524) to work on /opt/airflow/dags/hello.py
[2023-08-02T06:40:39.573+0000] {processor.py:826} INFO - Processing file /opt/airflow/dags/hello.py for tasks to queue
[2023-08-02T06:40:39.575+0000] {logging_mixin.py:150} INFO - [2023-08-02T06:40:39.574+0000] {dagbag.py:541} INFO - Filling up the DagBag from /opt/airflow/dags/hello.py
[2023-08-02T06:40:39.592+0000] {processor.py:836} INFO - DAG(s) dict_keys(['hello_world_dag']) retrieved from /opt/airflow/dags/hello.py
[2023-08-02T06:40:39.630+0000] {logging_mixin.py:150} INFO - [2023-08-02T06:40:39.630+0000] {dag.py:2742} INFO - Sync 1 DAGs
[2023-08-02T06:40:39.676+0000] {logging_mixin.py:150} INFO - [2023-08-02T06:40:39.676+0000] {dag.py:3508} INFO - Setting next_dagrun for hello_world_dag to 2023-08-01T06:40:39.676102+00:00, run_after=2023-08-02T06:40:39.676102+00:00
[2023-08-02T06:40:39.716+0000] {processor.py:179} INFO - Processing /opt/airflow/dags/hello.py took 0.149 seconds
[2023-08-02T06:41:09.830+0000] {processor.py:157} INFO - Started process (PID=2578) to work on /opt/airflow/dags/hello.py
[2023-08-02T06:41:09.835+0000] {processor.py:826} INFO - Processing file /opt/airflow/dags/hello.py for tasks to queue
[2023-08-02T06:41:09.856+0000] {logging_mixin.py:150} INFO - [2023-08-02T06:41:09.851+0000] {dagbag.py:541} INFO - Filling up the DagBag from /opt/airflow/dags/hello.py
[2023-08-02T06:41:09.974+0000] {processor.py:836} INFO - DAG(s) dict_keys(['hello_world_dag']) retrieved from /opt/airflow/dags/hello.py
[2023-08-02T06:41:10.252+0000] {logging_mixin.py:150} INFO - [2023-08-02T06:41:10.252+0000] {dag.py:2742} INFO - Sync 1 DAGs
[2023-08-02T06:41:10.565+0000] {logging_mixin.py:150} INFO - [2023-08-02T06:41:10.565+0000] {dag.py:3508} INFO - Setting next_dagrun for hello_world_dag to 2023-08-01T06:41:10.564324+00:00, run_after=2023-08-02T06:41:10.564324+00:00
[2023-08-02T06:41:10.763+0000] {processor.py:179} INFO - Processing /opt/airflow/dags/hello.py took 0.957 seconds
[2023-08-02T06:41:41.346+0000] {processor.py:157} INFO - Started process (PID=2632) to work on /opt/airflow/dags/hello.py
[2023-08-02T06:41:41.348+0000] {processor.py:826} INFO - Processing file /opt/airflow/dags/hello.py for tasks to queue
[2023-08-02T06:41:41.351+0000] {logging_mixin.py:150} INFO - [2023-08-02T06:41:41.350+0000] {dagbag.py:541} INFO - Filling up the DagBag from /opt/airflow/dags/hello.py
[2023-08-02T06:41:41.373+0000] {processor.py:836} INFO - DAG(s) dict_keys(['hello_world_dag']) retrieved from /opt/airflow/dags/hello.py
[2023-08-02T06:41:41.424+0000] {logging_mixin.py:150} INFO - [2023-08-02T06:41:41.424+0000] {dag.py:2742} INFO - Sync 1 DAGs
[2023-08-02T06:41:41.515+0000] {logging_mixin.py:150} INFO - [2023-08-02T06:41:41.515+0000] {dag.py:3508} INFO - Setting next_dagrun for hello_world_dag to 2023-08-01T06:41:41.514784+00:00, run_after=2023-08-02T06:41:41.514784+00:00
[2023-08-02T06:41:41.604+0000] {processor.py:179} INFO - Processing /opt/airflow/dags/hello.py took 0.269 seconds
[2023-08-02T06:42:12.020+0000] {processor.py:157} INFO - Started process (PID=2688) to work on /opt/airflow/dags/hello.py
[2023-08-02T06:42:12.025+0000] {processor.py:826} INFO - Processing file /opt/airflow/dags/hello.py for tasks to queue
[2023-08-02T06:42:12.027+0000] {logging_mixin.py:150} INFO - [2023-08-02T06:42:12.026+0000] {dagbag.py:541} INFO - Filling up the DagBag from /opt/airflow/dags/hello.py
[2023-08-02T06:42:12.080+0000] {processor.py:836} INFO - DAG(s) dict_keys(['hello_world_dag']) retrieved from /opt/airflow/dags/hello.py
[2023-08-02T06:42:12.227+0000] {logging_mixin.py:150} INFO - [2023-08-02T06:42:12.227+0000] {dag.py:2742} INFO - Sync 1 DAGs
[2023-08-02T06:42:12.405+0000] {logging_mixin.py:150} INFO - [2023-08-02T06:42:12.404+0000] {dag.py:3508} INFO - Setting next_dagrun for hello_world_dag to 2023-08-01T06:42:12.400471+00:00, run_after=2023-08-02T06:42:12.400471+00:00
[2023-08-02T06:42:12.511+0000] {processor.py:179} INFO - Processing /opt/airflow/dags/hello.py took 0.505 seconds
[2023-08-02T06:42:42.980+0000] {processor.py:157} INFO - Started process (PID=2744) to work on /opt/airflow/dags/hello.py
[2023-08-02T06:42:42.989+0000] {processor.py:826} INFO - Processing file /opt/airflow/dags/hello.py for tasks to queue
[2023-08-02T06:42:42.996+0000] {logging_mixin.py:150} INFO - [2023-08-02T06:42:42.996+0000] {dagbag.py:541} INFO - Filling up the DagBag from /opt/airflow/dags/hello.py
[2023-08-02T06:42:43.040+0000] {processor.py:836} INFO - DAG(s) dict_keys(['hello_world_dag']) retrieved from /opt/airflow/dags/hello.py
[2023-08-02T06:42:43.163+0000] {logging_mixin.py:150} INFO - [2023-08-02T06:42:43.162+0000] {dag.py:2742} INFO - Sync 1 DAGs
[2023-08-02T06:42:43.384+0000] {logging_mixin.py:150} INFO - [2023-08-02T06:42:43.383+0000] {dag.py:3508} INFO - Setting next_dagrun for hello_world_dag to 2023-08-01T06:42:43.383115+00:00, run_after=2023-08-02T06:42:43.383115+00:00
[2023-08-02T06:42:43.452+0000] {processor.py:179} INFO - Processing /opt/airflow/dags/hello.py took 0.496 seconds
[2023-08-02T06:43:14.187+0000] {processor.py:157} INFO - Started process (PID=2800) to work on /opt/airflow/dags/hello.py
[2023-08-02T06:43:14.191+0000] {processor.py:826} INFO - Processing file /opt/airflow/dags/hello.py for tasks to queue
[2023-08-02T06:43:14.195+0000] {logging_mixin.py:150} INFO - [2023-08-02T06:43:14.194+0000] {dagbag.py:541} INFO - Filling up the DagBag from /opt/airflow/dags/hello.py
[2023-08-02T06:43:14.226+0000] {processor.py:836} INFO - DAG(s) dict_keys(['hello_world_dag']) retrieved from /opt/airflow/dags/hello.py
[2023-08-02T06:43:14.277+0000] {logging_mixin.py:150} INFO - [2023-08-02T06:43:14.277+0000] {dag.py:2742} INFO - Sync 1 DAGs
[2023-08-02T06:43:14.329+0000] {logging_mixin.py:150} INFO - [2023-08-02T06:43:14.328+0000] {dag.py:3508} INFO - Setting next_dagrun for hello_world_dag to 2023-08-01T06:43:14.328489+00:00, run_after=2023-08-02T06:43:14.328489+00:00
[2023-08-02T06:43:14.384+0000] {processor.py:179} INFO - Processing /opt/airflow/dags/hello.py took 0.209 seconds
[2023-08-02T06:43:44.876+0000] {processor.py:157} INFO - Started process (PID=2857) to work on /opt/airflow/dags/hello.py
[2023-08-02T06:43:44.879+0000] {processor.py:826} INFO - Processing file /opt/airflow/dags/hello.py for tasks to queue
[2023-08-02T06:43:44.884+0000] {logging_mixin.py:150} INFO - [2023-08-02T06:43:44.882+0000] {dagbag.py:541} INFO - Filling up the DagBag from /opt/airflow/dags/hello.py
[2023-08-02T06:43:44.923+0000] {processor.py:836} INFO - DAG(s) dict_keys(['hello_world_dag']) retrieved from /opt/airflow/dags/hello.py
[2023-08-02T06:43:44.980+0000] {logging_mixin.py:150} INFO - [2023-08-02T06:43:44.979+0000] {dag.py:2742} INFO - Sync 1 DAGs
[2023-08-02T06:43:45.024+0000] {logging_mixin.py:150} INFO - [2023-08-02T06:43:45.024+0000] {dag.py:3508} INFO - Setting next_dagrun for hello_world_dag to 2023-08-01T06:43:45.023673+00:00, run_after=2023-08-02T06:43:45.023673+00:00
[2023-08-02T06:43:45.067+0000] {processor.py:179} INFO - Processing /opt/airflow/dags/hello.py took 0.201 seconds
[2023-08-02T06:44:15.970+0000] {processor.py:157} INFO - Started process (PID=2913) to work on /opt/airflow/dags/hello.py
[2023-08-02T06:44:15.979+0000] {processor.py:826} INFO - Processing file /opt/airflow/dags/hello.py for tasks to queue
[2023-08-02T06:44:15.989+0000] {logging_mixin.py:150} INFO - [2023-08-02T06:44:15.988+0000] {dagbag.py:541} INFO - Filling up the DagBag from /opt/airflow/dags/hello.py
[2023-08-02T06:44:16.005+0000] {processor.py:836} INFO - DAG(s) dict_keys(['hello_world_dag']) retrieved from /opt/airflow/dags/hello.py
[2023-08-02T06:44:16.099+0000] {logging_mixin.py:150} INFO - [2023-08-02T06:44:16.098+0000] {dag.py:2742} INFO - Sync 1 DAGs
[2023-08-02T06:44:16.181+0000] {logging_mixin.py:150} INFO - [2023-08-02T06:44:16.180+0000] {dag.py:3508} INFO - Setting next_dagrun for hello_world_dag to 2023-08-01T06:44:16.180078+00:00, run_after=2023-08-02T06:44:16.180078+00:00
[2023-08-02T06:44:16.226+0000] {processor.py:179} INFO - Processing /opt/airflow/dags/hello.py took 0.278 seconds
[2023-08-02T06:44:47.179+0000] {processor.py:157} INFO - Started process (PID=2969) to work on /opt/airflow/dags/hello.py
[2023-08-02T06:44:47.183+0000] {processor.py:826} INFO - Processing file /opt/airflow/dags/hello.py for tasks to queue
[2023-08-02T06:44:47.189+0000] {logging_mixin.py:150} INFO - [2023-08-02T06:44:47.189+0000] {dagbag.py:541} INFO - Filling up the DagBag from /opt/airflow/dags/hello.py
[2023-08-02T06:44:47.224+0000] {processor.py:836} INFO - DAG(s) dict_keys(['hello_world_dag']) retrieved from /opt/airflow/dags/hello.py
[2023-08-02T06:44:47.339+0000] {logging_mixin.py:150} INFO - [2023-08-02T06:44:47.339+0000] {dag.py:2742} INFO - Sync 1 DAGs
[2023-08-02T06:44:47.410+0000] {logging_mixin.py:150} INFO - [2023-08-02T06:44:47.410+0000] {dag.py:3508} INFO - Setting next_dagrun for hello_world_dag to 2023-08-01T06:44:47.409873+00:00, run_after=2023-08-02T06:44:47.409873+00:00
[2023-08-02T06:44:47.457+0000] {processor.py:179} INFO - Processing /opt/airflow/dags/hello.py took 0.286 seconds
[2023-08-02T06:45:17.554+0000] {processor.py:157} INFO - Started process (PID=3024) to work on /opt/airflow/dags/hello.py
[2023-08-02T06:45:17.556+0000] {processor.py:826} INFO - Processing file /opt/airflow/dags/hello.py for tasks to queue
[2023-08-02T06:45:17.560+0000] {logging_mixin.py:150} INFO - [2023-08-02T06:45:17.559+0000] {dagbag.py:541} INFO - Filling up the DagBag from /opt/airflow/dags/hello.py
[2023-08-02T06:45:17.589+0000] {processor.py:836} INFO - DAG(s) dict_keys(['hello_world_dag']) retrieved from /opt/airflow/dags/hello.py
[2023-08-02T06:45:17.637+0000] {logging_mixin.py:150} INFO - [2023-08-02T06:45:17.636+0000] {dag.py:2742} INFO - Sync 1 DAGs
[2023-08-02T06:45:17.675+0000] {logging_mixin.py:150} INFO - [2023-08-02T06:45:17.675+0000] {dag.py:3508} INFO - Setting next_dagrun for hello_world_dag to 2023-08-01T06:45:17.674802+00:00, run_after=2023-08-02T06:45:17.674802+00:00
[2023-08-02T06:45:17.713+0000] {processor.py:179} INFO - Processing /opt/airflow/dags/hello.py took 0.169 seconds
[2023-08-02T06:45:48.229+0000] {processor.py:157} INFO - Started process (PID=3080) to work on /opt/airflow/dags/hello.py
[2023-08-02T06:45:48.233+0000] {processor.py:826} INFO - Processing file /opt/airflow/dags/hello.py for tasks to queue
[2023-08-02T06:45:48.237+0000] {logging_mixin.py:150} INFO - [2023-08-02T06:45:48.235+0000] {dagbag.py:541} INFO - Filling up the DagBag from /opt/airflow/dags/hello.py
[2023-08-02T06:45:48.259+0000] {processor.py:836} INFO - DAG(s) dict_keys(['hello_world_dag']) retrieved from /opt/airflow/dags/hello.py
[2023-08-02T06:45:48.304+0000] {logging_mixin.py:150} INFO - [2023-08-02T06:45:48.304+0000] {dag.py:2742} INFO - Sync 1 DAGs
[2023-08-02T06:45:48.359+0000] {logging_mixin.py:150} INFO - [2023-08-02T06:45:48.358+0000] {dag.py:3508} INFO - Setting next_dagrun for hello_world_dag to 2023-08-01T06:45:48.358223+00:00, run_after=2023-08-02T06:45:48.358223+00:00
[2023-08-02T06:45:48.396+0000] {processor.py:179} INFO - Processing /opt/airflow/dags/hello.py took 0.177 seconds
[2023-08-02T06:46:19.351+0000] {processor.py:157} INFO - Started process (PID=3136) to work on /opt/airflow/dags/hello.py
[2023-08-02T06:46:19.354+0000] {processor.py:826} INFO - Processing file /opt/airflow/dags/hello.py for tasks to queue
[2023-08-02T06:46:19.361+0000] {logging_mixin.py:150} INFO - [2023-08-02T06:46:19.360+0000] {dagbag.py:541} INFO - Filling up the DagBag from /opt/airflow/dags/hello.py
[2023-08-02T06:46:19.393+0000] {processor.py:836} INFO - DAG(s) dict_keys(['hello_world_dag']) retrieved from /opt/airflow/dags/hello.py
[2023-08-02T06:46:19.533+0000] {logging_mixin.py:150} INFO - [2023-08-02T06:46:19.533+0000] {dag.py:2742} INFO - Sync 1 DAGs
[2023-08-02T06:46:19.764+0000] {logging_mixin.py:150} INFO - [2023-08-02T06:46:19.764+0000] {dag.py:3508} INFO - Setting next_dagrun for hello_world_dag to 2023-08-01T06:46:19.763731+00:00, run_after=2023-08-02T06:46:19.763731+00:00
[2023-08-02T06:46:19.861+0000] {processor.py:179} INFO - Processing /opt/airflow/dags/hello.py took 0.518 seconds
[2023-08-02T06:46:50.577+0000] {processor.py:157} INFO - Started process (PID=3192) to work on /opt/airflow/dags/hello.py
[2023-08-02T06:46:50.579+0000] {processor.py:826} INFO - Processing file /opt/airflow/dags/hello.py for tasks to queue
[2023-08-02T06:46:50.582+0000] {logging_mixin.py:150} INFO - [2023-08-02T06:46:50.581+0000] {dagbag.py:541} INFO - Filling up the DagBag from /opt/airflow/dags/hello.py
[2023-08-02T06:46:50.602+0000] {processor.py:836} INFO - DAG(s) dict_keys(['hello_world_dag']) retrieved from /opt/airflow/dags/hello.py
[2023-08-02T06:46:50.667+0000] {logging_mixin.py:150} INFO - [2023-08-02T06:46:50.666+0000] {dag.py:2742} INFO - Sync 1 DAGs
[2023-08-02T06:46:50.730+0000] {logging_mixin.py:150} INFO - [2023-08-02T06:46:50.730+0000] {dag.py:3508} INFO - Setting next_dagrun for hello_world_dag to 2023-08-01T06:46:50.729728+00:00, run_after=2023-08-02T06:46:50.729728+00:00
[2023-08-02T06:46:50.771+0000] {processor.py:179} INFO - Processing /opt/airflow/dags/hello.py took 0.201 seconds
[2023-08-02T06:47:20.837+0000] {processor.py:157} INFO - Started process (PID=3248) to work on /opt/airflow/dags/hello.py
[2023-08-02T06:47:20.841+0000] {processor.py:826} INFO - Processing file /opt/airflow/dags/hello.py for tasks to queue
[2023-08-02T06:47:20.843+0000] {logging_mixin.py:150} INFO - [2023-08-02T06:47:20.842+0000] {dagbag.py:541} INFO - Filling up the DagBag from /opt/airflow/dags/hello.py
[2023-08-02T06:47:20.864+0000] {processor.py:836} INFO - DAG(s) dict_keys(['hello_world_dag']) retrieved from /opt/airflow/dags/hello.py
[2023-08-02T06:47:20.905+0000] {logging_mixin.py:150} INFO - [2023-08-02T06:47:20.904+0000] {dag.py:2742} INFO - Sync 1 DAGs
[2023-08-02T06:47:20.942+0000] {logging_mixin.py:150} INFO - [2023-08-02T06:47:20.941+0000] {dag.py:3508} INFO - Setting next_dagrun for hello_world_dag to 2023-08-01T06:47:20.941519+00:00, run_after=2023-08-02T06:47:20.941519+00:00
[2023-08-02T06:47:20.973+0000] {processor.py:179} INFO - Processing /opt/airflow/dags/hello.py took 0.145 seconds
[2023-08-02T06:47:51.363+0000] {processor.py:157} INFO - Started process (PID=3304) to work on /opt/airflow/dags/hello.py
[2023-08-02T06:47:51.365+0000] {processor.py:826} INFO - Processing file /opt/airflow/dags/hello.py for tasks to queue
[2023-08-02T06:47:51.367+0000] {logging_mixin.py:150} INFO - [2023-08-02T06:47:51.367+0000] {dagbag.py:541} INFO - Filling up the DagBag from /opt/airflow/dags/hello.py
[2023-08-02T06:47:51.390+0000] {processor.py:836} INFO - DAG(s) dict_keys(['hello_world_dag']) retrieved from /opt/airflow/dags/hello.py
[2023-08-02T06:47:51.439+0000] {logging_mixin.py:150} INFO - [2023-08-02T06:47:51.439+0000] {dag.py:2742} INFO - Sync 1 DAGs
[2023-08-02T06:47:51.478+0000] {logging_mixin.py:150} INFO - [2023-08-02T06:47:51.478+0000] {dag.py:3508} INFO - Setting next_dagrun for hello_world_dag to 2023-08-01T06:47:51.476356+00:00, run_after=2023-08-02T06:47:51.476356+00:00
[2023-08-02T06:47:51.506+0000] {processor.py:179} INFO - Processing /opt/airflow/dags/hello.py took 0.151 seconds
[2023-08-02T06:48:22.065+0000] {processor.py:157} INFO - Started process (PID=3360) to work on /opt/airflow/dags/hello.py
[2023-08-02T06:48:22.067+0000] {processor.py:826} INFO - Processing file /opt/airflow/dags/hello.py for tasks to queue
[2023-08-02T06:48:22.070+0000] {logging_mixin.py:150} INFO - [2023-08-02T06:48:22.069+0000] {dagbag.py:541} INFO - Filling up the DagBag from /opt/airflow/dags/hello.py
[2023-08-02T06:48:22.100+0000] {processor.py:836} INFO - DAG(s) dict_keys(['hello_world_dag']) retrieved from /opt/airflow/dags/hello.py
[2023-08-02T06:48:22.161+0000] {logging_mixin.py:150} INFO - [2023-08-02T06:48:22.158+0000] {dag.py:2742} INFO - Sync 1 DAGs
[2023-08-02T06:48:22.245+0000] {logging_mixin.py:150} INFO - [2023-08-02T06:48:22.244+0000] {dag.py:3508} INFO - Setting next_dagrun for hello_world_dag to 2023-08-01T06:48:22.244468+00:00, run_after=2023-08-02T06:48:22.244468+00:00
[2023-08-02T06:48:22.314+0000] {processor.py:179} INFO - Processing /opt/airflow/dags/hello.py took 0.256 seconds
[2023-08-02T06:48:52.991+0000] {processor.py:157} INFO - Started process (PID=3423) to work on /opt/airflow/dags/hello.py
[2023-08-02T06:48:52.996+0000] {processor.py:826} INFO - Processing file /opt/airflow/dags/hello.py for tasks to queue
[2023-08-02T06:48:52.998+0000] {logging_mixin.py:150} INFO - [2023-08-02T06:48:52.998+0000] {dagbag.py:541} INFO - Filling up the DagBag from /opt/airflow/dags/hello.py
[2023-08-02T06:48:53.011+0000] {processor.py:836} INFO - DAG(s) dict_keys(['hello_world_dag']) retrieved from /opt/airflow/dags/hello.py
[2023-08-02T06:48:53.048+0000] {logging_mixin.py:150} INFO - [2023-08-02T06:48:53.048+0000] {dag.py:2742} INFO - Sync 1 DAGs
[2023-08-02T06:48:53.090+0000] {logging_mixin.py:150} INFO - [2023-08-02T06:48:53.090+0000] {dag.py:3508} INFO - Setting next_dagrun for hello_world_dag to 2023-08-01T06:48:53.089449+00:00, run_after=2023-08-02T06:48:53.089449+00:00
[2023-08-02T06:48:53.125+0000] {processor.py:179} INFO - Processing /opt/airflow/dags/hello.py took 0.176 seconds
[2023-08-02T06:49:24.049+0000] {processor.py:157} INFO - Started process (PID=3480) to work on /opt/airflow/dags/hello.py
[2023-08-02T06:49:24.051+0000] {processor.py:826} INFO - Processing file /opt/airflow/dags/hello.py for tasks to queue
[2023-08-02T06:49:24.062+0000] {logging_mixin.py:150} INFO - [2023-08-02T06:49:24.053+0000] {dagbag.py:541} INFO - Filling up the DagBag from /opt/airflow/dags/hello.py
[2023-08-02T06:49:24.097+0000] {processor.py:836} INFO - DAG(s) dict_keys(['hello_world_dag']) retrieved from /opt/airflow/dags/hello.py
[2023-08-02T06:49:24.140+0000] {logging_mixin.py:150} INFO - [2023-08-02T06:49:24.140+0000] {dag.py:2742} INFO - Sync 1 DAGs
[2023-08-02T06:49:24.202+0000] {logging_mixin.py:150} INFO - [2023-08-02T06:49:24.202+0000] {dag.py:3508} INFO - Setting next_dagrun for hello_world_dag to 2023-08-01T06:49:24.202132+00:00, run_after=2023-08-02T06:49:24.202132+00:00
[2023-08-02T06:49:24.236+0000] {processor.py:179} INFO - Processing /opt/airflow/dags/hello.py took 0.195 seconds
[2023-08-02T06:49:54.855+0000] {processor.py:157} INFO - Started process (PID=3536) to work on /opt/airflow/dags/hello.py
[2023-08-02T06:49:54.858+0000] {processor.py:826} INFO - Processing file /opt/airflow/dags/hello.py for tasks to queue
[2023-08-02T06:49:54.861+0000] {logging_mixin.py:150} INFO - [2023-08-02T06:49:54.860+0000] {dagbag.py:541} INFO - Filling up the DagBag from /opt/airflow/dags/hello.py
[2023-08-02T06:49:54.888+0000] {processor.py:836} INFO - DAG(s) dict_keys(['hello_world_dag']) retrieved from /opt/airflow/dags/hello.py
[2023-08-02T06:49:54.965+0000] {logging_mixin.py:150} INFO - [2023-08-02T06:49:54.964+0000] {dag.py:2742} INFO - Sync 1 DAGs
[2023-08-02T06:49:55.042+0000] {logging_mixin.py:150} INFO - [2023-08-02T06:49:55.042+0000] {dag.py:3508} INFO - Setting next_dagrun for hello_world_dag to 2023-08-01T06:49:55.042343+00:00, run_after=2023-08-02T06:49:55.042343+00:00
[2023-08-02T06:49:55.133+0000] {processor.py:179} INFO - Processing /opt/airflow/dags/hello.py took 0.286 seconds
[2023-08-02T06:50:25.686+0000] {processor.py:157} INFO - Started process (PID=3590) to work on /opt/airflow/dags/hello.py
[2023-08-02T06:50:25.694+0000] {processor.py:826} INFO - Processing file /opt/airflow/dags/hello.py for tasks to queue
[2023-08-02T06:50:25.701+0000] {logging_mixin.py:150} INFO - [2023-08-02T06:50:25.700+0000] {dagbag.py:541} INFO - Filling up the DagBag from /opt/airflow/dags/hello.py
[2023-08-02T06:50:25.762+0000] {processor.py:836} INFO - DAG(s) dict_keys(['hello_world_dag']) retrieved from /opt/airflow/dags/hello.py
[2023-08-02T06:50:25.924+0000] {logging_mixin.py:150} INFO - [2023-08-02T06:50:25.922+0000] {dag.py:2742} INFO - Sync 1 DAGs
[2023-08-02T06:50:26.225+0000] {logging_mixin.py:150} INFO - [2023-08-02T06:50:26.225+0000] {dag.py:3508} INFO - Setting next_dagrun for hello_world_dag to 2023-08-01T06:50:26.224884+00:00, run_after=2023-08-02T06:50:26.224884+00:00
[2023-08-02T06:50:26.417+0000] {processor.py:179} INFO - Processing /opt/airflow/dags/hello.py took 0.752 seconds
[2023-08-02T06:50:56.530+0000] {processor.py:157} INFO - Started process (PID=3645) to work on /opt/airflow/dags/hello.py
[2023-08-02T06:50:56.532+0000] {processor.py:826} INFO - Processing file /opt/airflow/dags/hello.py for tasks to queue
[2023-08-02T06:50:56.533+0000] {logging_mixin.py:150} INFO - [2023-08-02T06:50:56.533+0000] {dagbag.py:541} INFO - Filling up the DagBag from /opt/airflow/dags/hello.py
[2023-08-02T06:50:56.545+0000] {processor.py:836} INFO - DAG(s) dict_keys(['hello_world_dag']) retrieved from /opt/airflow/dags/hello.py
[2023-08-02T06:50:56.583+0000] {logging_mixin.py:150} INFO - [2023-08-02T06:50:56.582+0000] {dag.py:2742} INFO - Sync 1 DAGs
[2023-08-02T06:50:56.623+0000] {logging_mixin.py:150} INFO - [2023-08-02T06:50:56.622+0000] {dag.py:3508} INFO - Setting next_dagrun for hello_world_dag to 2023-08-01T06:50:56.621951+00:00, run_after=2023-08-02T06:50:56.621951+00:00
[2023-08-02T06:50:56.648+0000] {processor.py:179} INFO - Processing /opt/airflow/dags/hello.py took 0.123 seconds
[2023-08-02T06:51:26.713+0000] {processor.py:157} INFO - Started process (PID=3700) to work on /opt/airflow/dags/hello.py
[2023-08-02T06:51:26.715+0000] {processor.py:826} INFO - Processing file /opt/airflow/dags/hello.py for tasks to queue
[2023-08-02T06:51:26.717+0000] {logging_mixin.py:150} INFO - [2023-08-02T06:51:26.716+0000] {dagbag.py:541} INFO - Filling up the DagBag from /opt/airflow/dags/hello.py
[2023-08-02T06:51:26.731+0000] {processor.py:836} INFO - DAG(s) dict_keys(['hello_world_dag']) retrieved from /opt/airflow/dags/hello.py
[2023-08-02T06:51:26.770+0000] {logging_mixin.py:150} INFO - [2023-08-02T06:51:26.770+0000] {dag.py:2742} INFO - Sync 1 DAGs
[2023-08-02T06:51:26.804+0000] {logging_mixin.py:150} INFO - [2023-08-02T06:51:26.804+0000] {dag.py:3508} INFO - Setting next_dagrun for hello_world_dag to 2023-08-01T06:51:26.803889+00:00, run_after=2023-08-02T06:51:26.803889+00:00
[2023-08-02T06:51:26.835+0000] {processor.py:179} INFO - Processing /opt/airflow/dags/hello.py took 0.128 seconds
[2023-08-02T06:51:57.101+0000] {processor.py:157} INFO - Started process (PID=3755) to work on /opt/airflow/dags/hello.py
[2023-08-02T06:51:57.104+0000] {processor.py:826} INFO - Processing file /opt/airflow/dags/hello.py for tasks to queue
[2023-08-02T06:51:57.107+0000] {logging_mixin.py:150} INFO - [2023-08-02T06:51:57.106+0000] {dagbag.py:541} INFO - Filling up the DagBag from /opt/airflow/dags/hello.py
[2023-08-02T06:51:57.138+0000] {processor.py:836} INFO - DAG(s) dict_keys(['hello_world_dag']) retrieved from /opt/airflow/dags/hello.py
[2023-08-02T06:51:57.187+0000] {logging_mixin.py:150} INFO - [2023-08-02T06:51:57.187+0000] {dag.py:2742} INFO - Sync 1 DAGs
[2023-08-02T06:51:57.227+0000] {logging_mixin.py:150} INFO - [2023-08-02T06:51:57.227+0000] {dag.py:3508} INFO - Setting next_dagrun for hello_world_dag to 2023-08-01T06:51:57.226895+00:00, run_after=2023-08-02T06:51:57.226895+00:00
[2023-08-02T06:51:57.262+0000] {processor.py:179} INFO - Processing /opt/airflow/dags/hello.py took 0.168 seconds
[2023-08-02T06:52:27.952+0000] {processor.py:157} INFO - Started process (PID=3811) to work on /opt/airflow/dags/hello.py
[2023-08-02T06:52:27.954+0000] {processor.py:826} INFO - Processing file /opt/airflow/dags/hello.py for tasks to queue
[2023-08-02T06:52:27.956+0000] {logging_mixin.py:150} INFO - [2023-08-02T06:52:27.956+0000] {dagbag.py:541} INFO - Filling up the DagBag from /opt/airflow/dags/hello.py
[2023-08-02T06:52:27.974+0000] {processor.py:836} INFO - DAG(s) dict_keys(['hello_world_dag']) retrieved from /opt/airflow/dags/hello.py
[2023-08-02T06:52:28.009+0000] {logging_mixin.py:150} INFO - [2023-08-02T06:52:28.009+0000] {dag.py:2742} INFO - Sync 1 DAGs
[2023-08-02T06:52:28.062+0000] {logging_mixin.py:150} INFO - [2023-08-02T06:52:28.062+0000] {dag.py:3508} INFO - Setting next_dagrun for hello_world_dag to 2023-08-01T06:52:28.061941+00:00, run_after=2023-08-02T06:52:28.061941+00:00
[2023-08-02T06:52:28.115+0000] {processor.py:179} INFO - Processing /opt/airflow/dags/hello.py took 0.168 seconds
[2023-08-02T06:52:58.796+0000] {processor.py:157} INFO - Started process (PID=3867) to work on /opt/airflow/dags/hello.py
[2023-08-02T06:52:58.799+0000] {processor.py:826} INFO - Processing file /opt/airflow/dags/hello.py for tasks to queue
[2023-08-02T06:52:58.802+0000] {logging_mixin.py:150} INFO - [2023-08-02T06:52:58.802+0000] {dagbag.py:541} INFO - Filling up the DagBag from /opt/airflow/dags/hello.py
[2023-08-02T06:52:58.827+0000] {processor.py:836} INFO - DAG(s) dict_keys(['hello_world_dag']) retrieved from /opt/airflow/dags/hello.py
[2023-08-02T06:52:58.914+0000] {logging_mixin.py:150} INFO - [2023-08-02T06:52:58.914+0000] {dag.py:2742} INFO - Sync 1 DAGs
[2023-08-02T06:52:58.999+0000] {logging_mixin.py:150} INFO - [2023-08-02T06:52:58.998+0000] {dag.py:3508} INFO - Setting next_dagrun for hello_world_dag to 2023-08-01T06:52:58.998039+00:00, run_after=2023-08-02T06:52:58.998039+00:00
[2023-08-02T06:52:59.048+0000] {processor.py:179} INFO - Processing /opt/airflow/dags/hello.py took 0.268 seconds
[2023-08-02T06:53:29.556+0000] {processor.py:157} INFO - Started process (PID=3921) to work on /opt/airflow/dags/hello.py
[2023-08-02T06:53:29.563+0000] {processor.py:826} INFO - Processing file /opt/airflow/dags/hello.py for tasks to queue
[2023-08-02T06:53:29.566+0000] {logging_mixin.py:150} INFO - [2023-08-02T06:53:29.565+0000] {dagbag.py:541} INFO - Filling up the DagBag from /opt/airflow/dags/hello.py
[2023-08-02T06:53:29.580+0000] {processor.py:836} INFO - DAG(s) dict_keys(['hello_world_dag']) retrieved from /opt/airflow/dags/hello.py
[2023-08-02T06:53:29.648+0000] {logging_mixin.py:150} INFO - [2023-08-02T06:53:29.648+0000] {dag.py:2742} INFO - Sync 1 DAGs
[2023-08-02T06:53:29.755+0000] {logging_mixin.py:150} INFO - [2023-08-02T06:53:29.754+0000] {dag.py:3508} INFO - Setting next_dagrun for hello_world_dag to 2023-08-01T06:53:29.754206+00:00, run_after=2023-08-02T06:53:29.754206+00:00
[2023-08-02T06:53:29.811+0000] {processor.py:179} INFO - Processing /opt/airflow/dags/hello.py took 0.261 seconds
[2023-08-02T06:53:59.950+0000] {processor.py:157} INFO - Started process (PID=3977) to work on /opt/airflow/dags/hello.py
[2023-08-02T06:53:59.955+0000] {processor.py:826} INFO - Processing file /opt/airflow/dags/hello.py for tasks to queue
[2023-08-02T06:53:59.962+0000] {logging_mixin.py:150} INFO - [2023-08-02T06:53:59.959+0000] {dagbag.py:541} INFO - Filling up the DagBag from /opt/airflow/dags/hello.py
[2023-08-02T06:54:00.148+0000] {processor.py:836} INFO - DAG(s) dict_keys(['hello_world_dag']) retrieved from /opt/airflow/dags/hello.py
[2023-08-02T06:54:00.235+0000] {logging_mixin.py:150} INFO - [2023-08-02T06:54:00.234+0000] {dag.py:2742} INFO - Sync 1 DAGs
[2023-08-02T06:54:00.339+0000] {logging_mixin.py:150} INFO - [2023-08-02T06:54:00.339+0000] {dag.py:3508} INFO - Setting next_dagrun for hello_world_dag to 2023-08-01T06:54:00.338757+00:00, run_after=2023-08-02T06:54:00.338757+00:00
[2023-08-02T06:54:00.394+0000] {processor.py:179} INFO - Processing /opt/airflow/dags/hello.py took 0.461 seconds
[2023-08-02T06:54:30.518+0000] {processor.py:157} INFO - Started process (PID=4033) to work on /opt/airflow/dags/hello.py
[2023-08-02T06:54:30.521+0000] {processor.py:826} INFO - Processing file /opt/airflow/dags/hello.py for tasks to queue
[2023-08-02T06:54:30.522+0000] {logging_mixin.py:150} INFO - [2023-08-02T06:54:30.522+0000] {dagbag.py:541} INFO - Filling up the DagBag from /opt/airflow/dags/hello.py
[2023-08-02T06:54:30.535+0000] {processor.py:836} INFO - DAG(s) dict_keys(['hello_world_dag']) retrieved from /opt/airflow/dags/hello.py
[2023-08-02T06:54:30.575+0000] {logging_mixin.py:150} INFO - [2023-08-02T06:54:30.575+0000] {dag.py:2742} INFO - Sync 1 DAGs
[2023-08-02T06:54:30.619+0000] {logging_mixin.py:150} INFO - [2023-08-02T06:54:30.619+0000] {dag.py:3508} INFO - Setting next_dagrun for hello_world_dag to 2023-08-01T06:54:30.619057+00:00, run_after=2023-08-02T06:54:30.619057+00:00
[2023-08-02T06:54:30.650+0000] {processor.py:179} INFO - Processing /opt/airflow/dags/hello.py took 0.140 seconds
[2023-08-02T06:55:00.777+0000] {processor.py:157} INFO - Started process (PID=4088) to work on /opt/airflow/dags/hello.py
[2023-08-02T06:55:00.778+0000] {processor.py:826} INFO - Processing file /opt/airflow/dags/hello.py for tasks to queue
[2023-08-02T06:55:00.780+0000] {logging_mixin.py:150} INFO - [2023-08-02T06:55:00.779+0000] {dagbag.py:541} INFO - Filling up the DagBag from /opt/airflow/dags/hello.py
[2023-08-02T06:55:00.791+0000] {processor.py:836} INFO - DAG(s) dict_keys(['hello_world_dag']) retrieved from /opt/airflow/dags/hello.py
[2023-08-02T06:55:00.827+0000] {logging_mixin.py:150} INFO - [2023-08-02T06:55:00.826+0000] {dag.py:2742} INFO - Sync 1 DAGs
[2023-08-02T06:55:00.861+0000] {logging_mixin.py:150} INFO - [2023-08-02T06:55:00.861+0000] {dag.py:3508} INFO - Setting next_dagrun for hello_world_dag to 2023-08-01T06:55:00.860650+00:00, run_after=2023-08-02T06:55:00.860650+00:00
[2023-08-02T06:55:00.889+0000] {processor.py:179} INFO - Processing /opt/airflow/dags/hello.py took 0.116 seconds
[2023-08-02T06:55:31.265+0000] {processor.py:157} INFO - Started process (PID=4143) to work on /opt/airflow/dags/hello.py
[2023-08-02T06:55:31.266+0000] {processor.py:826} INFO - Processing file /opt/airflow/dags/hello.py for tasks to queue
[2023-08-02T06:55:31.268+0000] {logging_mixin.py:150} INFO - [2023-08-02T06:55:31.267+0000] {dagbag.py:541} INFO - Filling up the DagBag from /opt/airflow/dags/hello.py
[2023-08-02T06:55:31.280+0000] {processor.py:836} INFO - DAG(s) dict_keys(['hello_world_dag']) retrieved from /opt/airflow/dags/hello.py
[2023-08-02T06:55:31.317+0000] {logging_mixin.py:150} INFO - [2023-08-02T06:55:31.316+0000] {dag.py:2742} INFO - Sync 1 DAGs
[2023-08-02T06:55:31.360+0000] {logging_mixin.py:150} INFO - [2023-08-02T06:55:31.357+0000] {dag.py:3508} INFO - Setting next_dagrun for hello_world_dag to 2023-08-01T06:55:31.356867+00:00, run_after=2023-08-02T06:55:31.356867+00:00
[2023-08-02T06:55:31.391+0000] {processor.py:179} INFO - Processing /opt/airflow/dags/hello.py took 0.132 seconds
[2023-08-02T06:56:01.560+0000] {processor.py:157} INFO - Started process (PID=4199) to work on /opt/airflow/dags/hello.py
[2023-08-02T06:56:01.562+0000] {processor.py:826} INFO - Processing file /opt/airflow/dags/hello.py for tasks to queue
[2023-08-02T06:56:01.563+0000] {logging_mixin.py:150} INFO - [2023-08-02T06:56:01.563+0000] {dagbag.py:541} INFO - Filling up the DagBag from /opt/airflow/dags/hello.py
[2023-08-02T06:56:01.579+0000] {processor.py:836} INFO - DAG(s) dict_keys(['hello_world_dag']) retrieved from /opt/airflow/dags/hello.py
[2023-08-02T06:56:01.612+0000] {logging_mixin.py:150} INFO - [2023-08-02T06:56:01.612+0000] {dag.py:2742} INFO - Sync 1 DAGs
[2023-08-02T06:56:01.651+0000] {logging_mixin.py:150} INFO - [2023-08-02T06:56:01.651+0000] {dag.py:3508} INFO - Setting next_dagrun for hello_world_dag to 2023-08-01T06:56:01.650858+00:00, run_after=2023-08-02T06:56:01.650858+00:00
[2023-08-02T06:56:01.679+0000] {processor.py:179} INFO - Processing /opt/airflow/dags/hello.py took 0.124 seconds
[2023-08-02T06:56:31.802+0000] {processor.py:157} INFO - Started process (PID=4253) to work on /opt/airflow/dags/hello.py
[2023-08-02T06:56:31.804+0000] {processor.py:826} INFO - Processing file /opt/airflow/dags/hello.py for tasks to queue
[2023-08-02T06:56:31.806+0000] {logging_mixin.py:150} INFO - [2023-08-02T06:56:31.805+0000] {dagbag.py:541} INFO - Filling up the DagBag from /opt/airflow/dags/hello.py
[2023-08-02T06:56:31.819+0000] {processor.py:836} INFO - DAG(s) dict_keys(['hello_world_dag']) retrieved from /opt/airflow/dags/hello.py
[2023-08-02T06:56:31.855+0000] {logging_mixin.py:150} INFO - [2023-08-02T06:56:31.855+0000] {dag.py:2742} INFO - Sync 1 DAGs
[2023-08-02T06:56:31.916+0000] {logging_mixin.py:150} INFO - [2023-08-02T06:56:31.916+0000] {dag.py:3508} INFO - Setting next_dagrun for hello_world_dag to 2023-08-01T06:56:31.914761+00:00, run_after=2023-08-02T06:56:31.914761+00:00
[2023-08-02T06:56:31.951+0000] {processor.py:179} INFO - Processing /opt/airflow/dags/hello.py took 0.160 seconds
[2023-08-02T06:57:02.029+0000] {processor.py:157} INFO - Started process (PID=4302) to work on /opt/airflow/dags/hello.py
[2023-08-02T06:57:02.033+0000] {processor.py:826} INFO - Processing file /opt/airflow/dags/hello.py for tasks to queue
[2023-08-02T06:57:02.037+0000] {logging_mixin.py:150} INFO - [2023-08-02T06:57:02.037+0000] {dagbag.py:541} INFO - Filling up the DagBag from /opt/airflow/dags/hello.py
[2023-08-02T06:57:02.072+0000] {processor.py:836} INFO - DAG(s) dict_keys(['hello_world_dag']) retrieved from /opt/airflow/dags/hello.py
[2023-08-02T06:57:02.461+0000] {logging_mixin.py:150} INFO - [2023-08-02T06:57:02.459+0000] {dag.py:2742} INFO - Sync 1 DAGs
[2023-08-02T06:57:02.588+0000] {logging_mixin.py:150} INFO - [2023-08-02T06:57:02.587+0000] {dag.py:3508} INFO - Setting next_dagrun for hello_world_dag to 2023-08-01T06:57:02.587087+00:00, run_after=2023-08-02T06:57:02.587087+00:00
[2023-08-02T06:57:02.691+0000] {processor.py:179} INFO - Processing /opt/airflow/dags/hello.py took 0.671 seconds
[2023-08-02T08:08:15.227+0000] {processor.py:157} INFO - Started process (PID=4348) to work on /opt/airflow/dags/hello.py
[2023-08-02T08:08:15.237+0000] {processor.py:826} INFO - Processing file /opt/airflow/dags/hello.py for tasks to queue
[2023-08-02T08:08:15.240+0000] {logging_mixin.py:150} INFO - [2023-08-02T08:08:15.239+0000] {dagbag.py:541} INFO - Filling up the DagBag from /opt/airflow/dags/hello.py
[2023-08-02T08:08:15.415+0000] {processor.py:836} INFO - DAG(s) dict_keys(['hello_world_dag']) retrieved from /opt/airflow/dags/hello.py
[2023-08-02T08:08:16.270+0000] {logging_mixin.py:150} INFO - [2023-08-02T08:08:16.269+0000] {dag.py:2742} INFO - Sync 1 DAGs
[2023-08-02T08:08:16.662+0000] {logging_mixin.py:150} INFO - [2023-08-02T08:08:16.661+0000] {dag.py:3508} INFO - Setting next_dagrun for hello_world_dag to 2023-08-01T08:08:16.653486+00:00, run_after=2023-08-02T08:08:16.653486+00:00
[2023-08-02T08:08:16.960+0000] {processor.py:179} INFO - Processing /opt/airflow/dags/hello.py took 1.761 seconds
[2023-08-02T17:18:45.810+0000] {processor.py:157} INFO - Started process (PID=50) to work on /opt/airflow/dags/hello.py
[2023-08-02T17:18:45.822+0000] {processor.py:826} INFO - Processing file /opt/airflow/dags/hello.py for tasks to queue
[2023-08-02T17:18:45.834+0000] {logging_mixin.py:150} INFO - [2023-08-02T17:18:45.834+0000] {dagbag.py:541} INFO - Filling up the DagBag from /opt/airflow/dags/hello.py
[2023-08-02T17:18:46.221+0000] {processor.py:836} INFO - DAG(s) dict_keys(['hello_world_dag']) retrieved from /opt/airflow/dags/hello.py
[2023-08-02T17:18:52.861+0000] {logging_mixin.py:150} INFO - [2023-08-02T17:18:52.861+0000] {dag.py:2742} INFO - Sync 1 DAGs
[2023-08-02T17:18:53.734+0000] {logging_mixin.py:150} INFO - [2023-08-02T17:18:53.734+0000] {dag.py:3508} INFO - Setting next_dagrun for hello_world_dag to 2023-08-01T17:18:53.733834+00:00, run_after=2023-08-02T17:18:53.733834+00:00
[2023-08-02T17:18:54.269+0000] {processor.py:179} INFO - Processing /opt/airflow/dags/hello.py took 8.594 seconds
[2023-08-02T17:20:54.104+0000] {processor.py:157} INFO - Started process (PID=124) to work on /opt/airflow/dags/hello.py
[2023-08-02T17:20:54.137+0000] {processor.py:826} INFO - Processing file /opt/airflow/dags/hello.py for tasks to queue
[2023-08-02T17:20:54.150+0000] {logging_mixin.py:150} INFO - [2023-08-02T17:20:54.143+0000] {dagbag.py:541} INFO - Filling up the DagBag from /opt/airflow/dags/hello.py
[2023-08-02T17:20:54.385+0000] {processor.py:836} INFO - DAG(s) dict_keys(['hello_world_dag']) retrieved from /opt/airflow/dags/hello.py
[2023-08-02T17:20:54.828+0000] {logging_mixin.py:150} INFO - [2023-08-02T17:20:54.828+0000] {dag.py:2742} INFO - Sync 1 DAGs
[2023-08-02T17:20:55.371+0000] {logging_mixin.py:150} INFO - [2023-08-02T17:20:55.370+0000] {dag.py:3508} INFO - Setting next_dagrun for hello_world_dag to 2023-08-01T17:20:55.350071+00:00, run_after=2023-08-02T17:20:55.350071+00:00
[2023-08-02T17:20:56.020+0000] {processor.py:179} INFO - Processing /opt/airflow/dags/hello.py took 1.990 seconds
[2023-08-02T17:21:44.229+0000] {processor.py:157} INFO - Started process (PID=163) to work on /opt/airflow/dags/hello.py
[2023-08-02T17:21:44.241+0000] {processor.py:826} INFO - Processing file /opt/airflow/dags/hello.py for tasks to queue
[2023-08-02T17:21:44.244+0000] {logging_mixin.py:150} INFO - [2023-08-02T17:21:44.244+0000] {dagbag.py:541} INFO - Filling up the DagBag from /opt/airflow/dags/hello.py
[2023-08-02T17:21:44.347+0000] {processor.py:836} INFO - DAG(s) dict_keys(['hello_world_dag']) retrieved from /opt/airflow/dags/hello.py
[2023-08-02T17:21:44.553+0000] {logging_mixin.py:150} INFO - [2023-08-02T17:21:44.552+0000] {dag.py:2742} INFO - Sync 1 DAGs
[2023-08-02T17:21:44.850+0000] {logging_mixin.py:150} INFO - [2023-08-02T17:21:44.849+0000] {dag.py:3508} INFO - Setting next_dagrun for hello_world_dag to 2023-08-01T17:21:44.848895+00:00, run_after=2023-08-02T17:21:44.848895+00:00
[2023-08-02T17:21:44.993+0000] {processor.py:179} INFO - Processing /opt/airflow/dags/hello.py took 0.811 seconds
[2023-08-02T17:22:25.705+0000] {processor.py:157} INFO - Started process (PID=206) to work on /opt/airflow/dags/hello.py
[2023-08-02T17:22:25.726+0000] {processor.py:826} INFO - Processing file /opt/airflow/dags/hello.py for tasks to queue
[2023-08-02T17:22:25.736+0000] {logging_mixin.py:150} INFO - [2023-08-02T17:22:25.735+0000] {dagbag.py:541} INFO - Filling up the DagBag from /opt/airflow/dags/hello.py
[2023-08-02T17:22:25.892+0000] {processor.py:836} INFO - DAG(s) dict_keys(['hello_world_dag']) retrieved from /opt/airflow/dags/hello.py
[2023-08-02T17:22:30.839+0000] {logging_mixin.py:150} INFO - [2023-08-02T17:22:30.839+0000] {dag.py:2742} INFO - Sync 1 DAGs
[2023-08-02T17:22:31.594+0000] {logging_mixin.py:150} INFO - [2023-08-02T17:22:31.589+0000] {dag.py:3508} INFO - Setting next_dagrun for hello_world_dag to 2023-08-01T17:22:31.582970+00:00, run_after=2023-08-02T17:22:31.582970+00:00
[2023-08-02T17:22:32.142+0000] {processor.py:179} INFO - Processing /opt/airflow/dags/hello.py took 6.530 seconds
[2023-08-02T23:52:49.679+0000] {processor.py:157} INFO - Started process (PID=44) to work on /opt/airflow/dags/hello.py
[2023-08-02T23:52:49.698+0000] {processor.py:826} INFO - Processing file /opt/airflow/dags/hello.py for tasks to queue
[2023-08-02T23:52:49.704+0000] {logging_mixin.py:150} INFO - [2023-08-02T23:52:49.704+0000] {dagbag.py:541} INFO - Filling up the DagBag from /opt/airflow/dags/hello.py
[2023-08-02T23:52:50.183+0000] {processor.py:836} INFO - DAG(s) dict_keys(['hello_world_dag']) retrieved from /opt/airflow/dags/hello.py
[2023-08-02T23:52:53.203+0000] {logging_mixin.py:150} INFO - [2023-08-02T23:52:53.202+0000] {dag.py:2742} INFO - Sync 1 DAGs
[2023-08-02T23:52:53.715+0000] {logging_mixin.py:150} INFO - [2023-08-02T23:52:53.700+0000] {dag.py:3508} INFO - Setting next_dagrun for hello_world_dag to 2023-08-01T23:52:53.699630+00:00, run_after=2023-08-02T23:52:53.699630+00:00
[2023-08-02T23:52:54.774+0000] {processor.py:179} INFO - Processing /opt/airflow/dags/hello.py took 5.157 seconds
[2023-08-02T23:54:10.052+0000] {processor.py:157} INFO - Started process (PID=106) to work on /opt/airflow/dags/hello.py
[2023-08-02T23:54:10.084+0000] {processor.py:826} INFO - Processing file /opt/airflow/dags/hello.py for tasks to queue
[2023-08-02T23:54:10.108+0000] {logging_mixin.py:150} INFO - [2023-08-02T23:54:10.100+0000] {dagbag.py:541} INFO - Filling up the DagBag from /opt/airflow/dags/hello.py
[2023-08-02T23:54:10.251+0000] {processor.py:836} INFO - DAG(s) dict_keys(['hello_world_dag']) retrieved from /opt/airflow/dags/hello.py
[2023-08-02T23:54:10.758+0000] {logging_mixin.py:150} INFO - [2023-08-02T23:54:10.757+0000] {dag.py:2742} INFO - Sync 1 DAGs
[2023-08-02T23:54:11.275+0000] {logging_mixin.py:150} INFO - [2023-08-02T23:54:11.274+0000] {dag.py:3508} INFO - Setting next_dagrun for hello_world_dag to 2023-08-01T23:54:11.263009+00:00, run_after=2023-08-02T23:54:11.263009+00:00
[2023-08-02T23:54:12.693+0000] {processor.py:179} INFO - Processing /opt/airflow/dags/hello.py took 3.164 seconds
[2023-08-02T23:55:31.340+0000] {processor.py:157} INFO - Started process (PID=159) to work on /opt/airflow/dags/hello.py
[2023-08-02T23:55:31.344+0000] {processor.py:826} INFO - Processing file /opt/airflow/dags/hello.py for tasks to queue
[2023-08-02T23:55:31.351+0000] {logging_mixin.py:150} INFO - [2023-08-02T23:55:31.350+0000] {dagbag.py:541} INFO - Filling up the DagBag from /opt/airflow/dags/hello.py
[2023-08-02T23:55:31.409+0000] {processor.py:836} INFO - DAG(s) dict_keys(['hello_world_dag']) retrieved from /opt/airflow/dags/hello.py
[2023-08-02T23:55:31.595+0000] {logging_mixin.py:150} INFO - [2023-08-02T23:55:31.595+0000] {dag.py:2742} INFO - Sync 1 DAGs
[2023-08-02T23:55:31.880+0000] {logging_mixin.py:150} INFO - [2023-08-02T23:55:31.879+0000] {dag.py:3508} INFO - Setting next_dagrun for hello_world_dag to 2023-08-01T23:55:31.878828+00:00, run_after=2023-08-02T23:55:31.878828+00:00
[2023-08-02T23:55:32.087+0000] {processor.py:179} INFO - Processing /opt/airflow/dags/hello.py took 0.779 seconds
